#! /usr/bin/vvp
:ivl_version "11.0 (stable)";
:ivl_delay_selection "TYPICAL";
:vpi_time_precision - 12;
:vpi_module "/usr/lib/x86_64-linux-gnu/ivl/system.vpi";
:vpi_module "/usr/lib/x86_64-linux-gnu/ivl/vhdl_sys.vpi";
:vpi_module "/usr/lib/x86_64-linux-gnu/ivl/vhdl_textio.vpi";
:vpi_module "/usr/lib/x86_64-linux-gnu/ivl/v2005_math.vpi";
:vpi_module "/usr/lib/x86_64-linux-gnu/ivl/va_math.vpi";
S_0x55e55173e020 .scope module, "riscVCore" "riscVCore" 2 1;
 .timescale -9 -12;
    .port_info 0 /INPUT 1 "clk";
    .port_info 1 /INPUT 1 "rst_";
L_0x55e5517afe60 .functor AND 1, L_0x55e5517ede00, L_0x55e5517fe0d0, C4<1>, C4<1>;
L_0x55e5517bb5d0 .functor AND 1, L_0x55e5517fe330, L_0x55e5517fe400, C4<1>, C4<1>;
L_0x55e5517b97f0 .functor AND 1, v0x55e5517e8e50_0, L_0x55e5517fe920, C4<1>, C4<1>;
L_0x55e551772a80 .functor OR 1, L_0x55e5517b97f0, v0x55e5517e9030_0, C4<0>, C4<0>;
L_0x55e551800ba0 .functor BUFZ 32, L_0x55e5517ff0b0, C4<00000000000000000000000000000000>, C4<00000000000000000000000000000000>, C4<00000000000000000000000000000000>;
v0x55e5517ea840_0 .net "A", 31 0, L_0x55e551800ba0;  1 drivers
v0x55e5517ea950_0 .net "B", 31 0, L_0x55e551800c60;  1 drivers
o0x7f7223dd0578 .functor BUFZ 1, C4<z>; HiZ drive
v0x55e5517eaa20_0 .net "C", 0 0, o0x7f7223dd0578;  0 drivers
v0x55e5517eaaf0_0 .net "Y", 31 0, v0x55e5517e4050_0;  1 drivers
v0x55e5517eab90_0 .net "Z", 0 0, L_0x55e5518018c0;  1 drivers
L_0x7f7223d86018 .functor BUFT 1, C4<1001>, C4<0>, C4<0>, C4<0>;
v0x55e5517eac80_0 .net/2u *"_ivl_0", 3 0, L_0x7f7223d86018;  1 drivers
v0x55e5517ead40_0 .net *"_ivl_10", 0 0, L_0x55e5517fe0d0;  1 drivers
v0x55e5517eae00_0 .net *"_ivl_13", 0 0, L_0x55e5517afe60;  1 drivers
L_0x7f7223d860f0 .functor BUFT 1, C4<01>, C4<0>, C4<0>, C4<0>;
v0x55e5517eaec0_0 .net/2s *"_ivl_14", 1 0, L_0x7f7223d860f0;  1 drivers
L_0x7f7223d86138 .functor BUFT 1, C4<1010>, C4<0>, C4<0>, C4<0>;
v0x55e5517eafa0_0 .net/2u *"_ivl_16", 3 0, L_0x7f7223d86138;  1 drivers
v0x55e5517eb080_0 .net *"_ivl_18", 0 0, L_0x55e5517fe330;  1 drivers
v0x55e5517eb140_0 .net *"_ivl_2", 0 0, L_0x55e5517ede00;  1 drivers
L_0x7f7223d86918 .functor BUFT 1, C4<0000000000000000000000000000000z>, C4<0>, C4<0>, C4<0>;
v0x55e5517eb200_0 .net *"_ivl_20", 31 0, L_0x7f7223d86918;  1 drivers
L_0x7f7223d86180 .functor BUFT 1, C4<00000000000000000000000000000001>, C4<0>, C4<0>, C4<0>;
v0x55e5517eb2e0_0 .net/2u *"_ivl_24", 31 0, L_0x7f7223d86180;  1 drivers
v0x55e5517eb3c0_0 .net *"_ivl_26", 0 0, L_0x55e5517fe400;  1 drivers
v0x55e5517eb480_0 .net *"_ivl_29", 0 0, L_0x55e5517bb5d0;  1 drivers
L_0x7f7223d861c8 .functor BUFT 1, C4<01>, C4<0>, C4<0>, C4<0>;
v0x55e5517eb540_0 .net/2s *"_ivl_30", 1 0, L_0x7f7223d861c8;  1 drivers
L_0x7f7223d86210 .functor BUFT 1, C4<00>, C4<0>, C4<0>, C4<0>;
v0x55e5517eb730_0 .net/2s *"_ivl_32", 1 0, L_0x7f7223d86210;  1 drivers
v0x55e5517eb810_0 .net *"_ivl_34", 1 0, L_0x55e5517fe5c0;  1 drivers
v0x55e5517eb8f0_0 .net *"_ivl_36", 1 0, L_0x55e5517fe790;  1 drivers
v0x55e5517eb9d0_0 .net *"_ivl_4", 31 0, L_0x55e5517edef0;  1 drivers
L_0x7f7223d86258 .functor BUFT 1, C4<01>, C4<0>, C4<0>, C4<0>;
v0x55e5517ebab0_0 .net/2s *"_ivl_44", 1 0, L_0x7f7223d86258;  1 drivers
L_0x7f7223d862a0 .functor BUFT 1, C4<00>, C4<0>, C4<0>, C4<0>;
v0x55e5517ebb90_0 .net/2s *"_ivl_46", 1 0, L_0x7f7223d862a0;  1 drivers
v0x55e5517ebc70_0 .net *"_ivl_48", 1 0, L_0x55e5517febd0;  1 drivers
v0x55e5517ebd50_0 .net *"_ivl_52", 31 0, L_0x55e5517fee60;  1 drivers
L_0x7f7223d862e8 .functor BUFT 1, C4<00000000000000000000000000000100>, C4<0>, C4<0>, C4<0>;
v0x55e5517ebe30_0 .net/2u *"_ivl_54", 31 0, L_0x7f7223d862e8;  1 drivers
v0x55e5517ebf10_0 .net *"_ivl_56", 31 0, L_0x55e5517fefc0;  1 drivers
L_0x7f7223d864e0 .functor BUFT 1, C4<00>, C4<0>, C4<0>, C4<0>;
v0x55e5517ebff0_0 .net/2u *"_ivl_64", 1 0, L_0x7f7223d864e0;  1 drivers
v0x55e5517ec0d0_0 .net *"_ivl_66", 0 0, L_0x55e5518000e0;  1 drivers
L_0x7f7223d86528 .functor BUFT 1, C4<01>, C4<0>, C4<0>, C4<0>;
v0x55e5517ec190_0 .net/2u *"_ivl_68", 1 0, L_0x7f7223d86528;  1 drivers
L_0x7f7223d86060 .functor BUFT 1, C4<0000000000000000000000000000000>, C4<0>, C4<0>, C4<0>;
v0x55e5517ec270_0 .net *"_ivl_7", 30 0, L_0x7f7223d86060;  1 drivers
v0x55e5517ec350_0 .net *"_ivl_70", 0 0, L_0x55e5518002b0;  1 drivers
L_0x7f7223d86570 .functor BUFT 1, C4<00000000000000000000000000000100>, C4<0>, C4<0>, C4<0>;
v0x55e5517ec410_0 .net/2u *"_ivl_72", 31 0, L_0x7f7223d86570;  1 drivers
v0x55e5517ec700_0 .net *"_ivl_74", 31 0, L_0x55e5518003a0;  1 drivers
v0x55e5517ec7e0_0 .net *"_ivl_76", 31 0, L_0x55e551800640;  1 drivers
L_0x7f7223d860a8 .functor BUFT 1, C4<00000000000000000000000000000001>, C4<0>, C4<0>, C4<0>;
v0x55e5517ec8c0_0 .net/2u *"_ivl_8", 31 0, L_0x7f7223d860a8;  1 drivers
v0x55e5517ec9a0_0 .net "aluControl", 3 0, v0x55e5517bbc20_0;  1 drivers
v0x55e5517eca60_0 .net "aluOp", 1 0, v0x55e5517e8cd0_0;  1 drivers
v0x55e5517ecb70_0 .net "aluSrc", 0 0, v0x55e5517e8db0_0;  1 drivers
v0x55e5517ecc10_0 .net "assertBranchOrJump", 0 0, L_0x55e551772a80;  1 drivers
v0x55e5517eccb0_0 .net "branch", 0 0, v0x55e5517e8e50_0;  1 drivers
v0x55e5517ecd50_0 .net "branchCondition", 0 0, L_0x55e5517fe920;  1 drivers
o0x7f7223dcf828 .functor BUFZ 1, C4<z>; HiZ drive
v0x55e5517ecdf0_0 .net "clk", 0 0, o0x7f7223dcf828;  0 drivers
v0x55e5517ecee0_0 .net "dataMemOut", 31 0, L_0x55e551801af0;  1 drivers
v0x55e5517ecfa0_0 .net "immGenOut", 31 0, v0x55e5517e6d70_0;  1 drivers
v0x55e5517ed040_0 .net "instruction", 31 0, L_0x55e5517ffde0;  1 drivers
v0x55e5517ed0e0_0 .net "jump", 0 0, v0x55e5517e9030_0;  1 drivers
v0x55e5517ed1b0_0 .net "memRead", 0 0, v0x55e5517e9140_0;  1 drivers
v0x55e5517ed2a0_0 .net "memToReg", 1 0, v0x55e5517e91e0_0;  1 drivers
v0x55e5517ed340_0 .net "memWrite", 0 0, v0x55e5517e92a0_0;  1 drivers
v0x55e5517ed430_0 .var "pc", 31 0;
v0x55e5517ed4d0_0 .net "pcNext", 31 0, L_0x55e5517ff120;  1 drivers
v0x55e5517ed590_0 .net "readData1", 31 0, L_0x55e5517ff0b0;  1 drivers
v0x55e5517ed680_0 .net "readData2", 31 0, L_0x55e5517fef00;  1 drivers
o0x7f7223dd02d8 .functor BUFZ 5, C4<zzzzz>; HiZ drive
v0x55e5517ed770_0 .net "readReg1", 4 0, o0x7f7223dd02d8;  0 drivers
o0x7f7223dd0308 .functor BUFZ 5, C4<zzzzz>; HiZ drive
v0x55e5517ed830_0 .net "readReg2", 4 0, o0x7f7223dd0308;  0 drivers
v0x55e5517ed900_0 .net "regWrite", 0 0, v0x55e5517e9340_0;  1 drivers
o0x7f7223dcf918 .functor BUFZ 1, C4<z>; HiZ drive
v0x55e5517ed9f0_0 .net "rst_", 0 0, o0x7f7223dcf918;  0 drivers
v0x55e5517eda90_0 .net "sel", 0 0, L_0x55e5517fed10;  1 drivers
v0x55e5517edb30_0 .net "writeData", 31 0, L_0x55e5518007d0;  1 drivers
o0x7f7223dd0398 .functor BUFZ 5, C4<zzzzz>; HiZ drive
v0x55e5517edc00_0 .net "writeReg", 4 0, o0x7f7223dd0398;  0 drivers
v0x55e5517edcd0_0 .net "yesBranch", 0 0, L_0x55e5517b97f0;  1 drivers
L_0x55e5517ede00 .cmp/eeq 4, v0x55e5517bbc20_0, L_0x7f7223d86018;
L_0x55e5517edef0 .concat [ 1 31 0 0], L_0x55e5518018c0, L_0x7f7223d86060;
L_0x55e5517fe0d0 .cmp/eq 32, L_0x55e5517edef0, L_0x7f7223d860a8;
L_0x55e5517fe330 .cmp/eeq 4, v0x55e5517bbc20_0, L_0x7f7223d86138;
L_0x55e5517fe400 .cmp/eq 32, L_0x7f7223d86918, L_0x7f7223d86180;
L_0x55e5517fe5c0 .functor MUXZ 2, L_0x7f7223d86210, L_0x7f7223d861c8, L_0x55e5517bb5d0, C4<>;
L_0x55e5517fe790 .functor MUXZ 2, L_0x55e5517fe5c0, L_0x7f7223d860f0, L_0x55e5517afe60, C4<>;
L_0x55e5517fe920 .part L_0x55e5517fe790, 0, 1;
L_0x55e5517febd0 .functor MUXZ 2, L_0x7f7223d862a0, L_0x7f7223d86258, L_0x55e551772a80, C4<>;
L_0x55e5517fed10 .part L_0x55e5517febd0, 0, 1;
L_0x55e5517fee60 .arith/sum 32, v0x55e5517ed430_0, v0x55e5517e6d70_0;
L_0x55e5517fefc0 .arith/sum 32, v0x55e5517ed430_0, L_0x7f7223d862e8;
L_0x55e5517ff120 .functor MUXZ 32, L_0x55e5517fefc0, L_0x55e5517fee60, L_0x55e5517fed10, C4<>;
L_0x55e5517fff20 .part L_0x55e5517ffde0, 30, 1;
L_0x55e551800040 .part L_0x55e5517ffde0, 12, 3;
L_0x55e5518000e0 .cmp/eq 2, v0x55e5517e91e0_0, L_0x7f7223d864e0;
L_0x55e5518002b0 .cmp/eq 2, v0x55e5517e91e0_0, L_0x7f7223d86528;
L_0x55e5518003a0 .arith/sum 32, v0x55e5517ed430_0, L_0x7f7223d86570;
L_0x55e551800640 .functor MUXZ 32, L_0x55e5518003a0, L_0x55e551801af0, L_0x55e5518002b0, C4<>;
L_0x55e5518007d0 .functor MUXZ 32, L_0x55e551800640, v0x55e5517e4050_0, L_0x55e5518000e0, C4<>;
L_0x55e551800c60 .functor MUXZ 32, L_0x55e5517fef00, v0x55e5517e6d70_0, v0x55e5517e8db0_0, C4<>;
S_0x55e551766fc0 .scope module, "AC0" "aluController" 2 74, 3 3 0, S_0x55e55173e020;
 .timescale -9 -12;
    .port_info 0 /INPUT 1 "funct7";
    .port_info 1 /INPUT 2 "aluOp";
    .port_info 2 /INPUT 3 "funct3";
    .port_info 3 /OUTPUT 4 "aluControl";
P_0x55e5517bfb40 .param/l "bitwiseOrShift" 1 3 9, C4<01>;
P_0x55e5517bfb80 .param/l "branch" 1 3 10, C4<10>;
P_0x55e5517bfbc0 .param/l "memoryInst" 1 3 9, C4<00>;
P_0x55e5517bfc00 .param/l "upperImmediate" 1 3 10, C4<11>;
v0x55e5517bbc20_0 .var "aluControl", 3 0;
v0x55e5517c9ed0_0 .net "aluOp", 1 0, v0x55e5517e8cd0_0;  alias, 1 drivers
v0x55e5517c9f70_0 .net "funct3", 2 0, L_0x55e551800040;  1 drivers
v0x55e5517b57e0_0 .net "funct7", 0 0, L_0x55e5517fff20;  1 drivers
E_0x55e551761b30 .event edge, v0x55e5517c9ed0_0, v0x55e5517b57e0_0, v0x55e5517c9f70_0;
S_0x55e5517bace0 .scope module, "ALU0" "alu" 2 107, 4 3 0, S_0x55e55173e020;
 .timescale -9 -12;
    .port_info 0 /INPUT 4 "opcode";
    .port_info 1 /INPUT 32 "A";
    .port_info 2 /INPUT 32 "B";
    .port_info 3 /OUTPUT 1 "carry";
    .port_info 4 /OUTPUT 1 "zero";
    .port_info 5 /OUTPUT 32 "Y";
P_0x55e5517e3740 .param/l "ADD" 1 4 11, C4<0000>;
P_0x55e5517e3780 .param/l "AND" 1 4 13, C4<0111>;
P_0x55e5517e37c0 .param/l "BEQ" 1 4 14, C4<1010>;
P_0x55e5517e3800 .param/l "BNE" 1 4 14, C4<1001>;
P_0x55e5517e3840 .param/l "LUI" 1 4 14, C4<1011>;
P_0x55e5517e3880 .param/l "OR" 1 4 13, C4<0110>;
P_0x55e5517e38c0 .param/l "SLL" 1 4 11, C4<0010>;
P_0x55e5517e3900 .param/l "SLTU" 1 4 13, C4<1000>;
P_0x55e5517e3940 .param/l "SRA" 1 4 12, C4<0101>;
P_0x55e5517e3980 .param/l "SRL" 1 4 12, C4<0100>;
P_0x55e5517e39c0 .param/l "SUB" 1 4 11, C4<0001>;
P_0x55e5517e3a00 .param/l "XOR" 1 4 12, C4<0011>;
L_0x55e551801070 .functor AND 1, L_0x55e551800da0, L_0x55e551800f30, C4<1>, C4<1>;
L_0x55e551801310 .functor AND 1, L_0x55e551801180, L_0x55e551801270, C4<1>, C4<1>;
v0x55e5517ba840_0 .net "A", 31 0, L_0x55e551800ba0;  alias, 1 drivers
v0x55e551772b80_0 .net "B", 31 0, L_0x55e551800c60;  alias, 1 drivers
v0x55e5517e4050_0 .var "Y", 31 0;
L_0x7f7223d865b8 .functor BUFT 1, C4<0000>, C4<0>, C4<0>, C4<0>;
v0x55e5517e4110_0 .net/2u *"_ivl_0", 3 0, L_0x7f7223d865b8;  1 drivers
v0x55e5517e41f0_0 .net *"_ivl_10", 0 0, L_0x55e551800f30;  1 drivers
v0x55e5517e4300_0 .net *"_ivl_13", 0 0, L_0x55e551801070;  1 drivers
L_0x7f7223d86690 .functor BUFT 1, C4<1>, C4<0>, C4<0>, C4<0>;
v0x55e5517e43c0_0 .net/2u *"_ivl_14", 0 0, L_0x7f7223d86690;  1 drivers
L_0x7f7223d866d8 .functor BUFT 1, C4<1010>, C4<0>, C4<0>, C4<0>;
v0x55e5517e44a0_0 .net/2u *"_ivl_16", 3 0, L_0x7f7223d866d8;  1 drivers
v0x55e5517e4580_0 .net *"_ivl_18", 0 0, L_0x55e551801180;  1 drivers
v0x55e5517e4640_0 .net *"_ivl_2", 0 0, L_0x55e551800da0;  1 drivers
L_0x7f7223d86720 .functor BUFT 1, C4<00000000000000000000000000000001>, C4<0>, C4<0>, C4<0>;
v0x55e5517e4700_0 .net/2u *"_ivl_20", 31 0, L_0x7f7223d86720;  1 drivers
v0x55e5517e47e0_0 .net *"_ivl_22", 0 0, L_0x55e551801270;  1 drivers
v0x55e5517e48a0_0 .net *"_ivl_25", 0 0, L_0x55e551801310;  1 drivers
L_0x7f7223d86768 .functor BUFT 1, C4<1>, C4<0>, C4<0>, C4<0>;
v0x55e5517e4960_0 .net/2u *"_ivl_26", 0 0, L_0x7f7223d86768;  1 drivers
L_0x7f7223d867b0 .functor BUFT 1, C4<0>, C4<0>, C4<0>, C4<0>;
v0x55e5517e4a40_0 .net/2u *"_ivl_28", 0 0, L_0x7f7223d867b0;  1 drivers
v0x55e5517e4b20_0 .net *"_ivl_30", 0 0, L_0x55e551801420;  1 drivers
L_0x7f7223d867f8 .functor BUFT 1, C4<00000000000000000000000000000000>, C4<0>, C4<0>, C4<0>;
v0x55e5517e4c00_0 .net/2u *"_ivl_34", 31 0, L_0x7f7223d867f8;  1 drivers
v0x55e5517e4df0_0 .net *"_ivl_36", 0 0, L_0x55e551801780;  1 drivers
L_0x7f7223d86840 .functor BUFT 1, C4<1>, C4<0>, C4<0>, C4<0>;
v0x55e5517e4eb0_0 .net/2u *"_ivl_38", 0 0, L_0x7f7223d86840;  1 drivers
v0x55e5517e4f90_0 .net *"_ivl_4", 31 0, L_0x55e551800e40;  1 drivers
L_0x7f7223d86888 .functor BUFT 1, C4<0>, C4<0>, C4<0>, C4<0>;
v0x55e5517e5070_0 .net/2u *"_ivl_40", 0 0, L_0x7f7223d86888;  1 drivers
L_0x7f7223d86600 .functor BUFT 1, C4<0000000000000000000000000000000>, C4<0>, C4<0>, C4<0>;
v0x55e5517e5150_0 .net *"_ivl_7", 30 0, L_0x7f7223d86600;  1 drivers
L_0x7f7223d86648 .functor BUFT 1, C4<00000000000000000000000000000001>, C4<0>, C4<0>, C4<0>;
v0x55e5517e5230_0 .net/2u *"_ivl_8", 31 0, L_0x7f7223d86648;  1 drivers
v0x55e5517e5310_0 .var "adderCarryOut", 0 0;
v0x55e5517e53d0_0 .net "carry", 0 0, L_0x55e5518015f0;  1 drivers
v0x55e5517e5490_0 .net "opcode", 3 0, v0x55e5517bbc20_0;  alias, 1 drivers
v0x55e5517e5550_0 .net "zero", 0 0, L_0x55e5518018c0;  alias, 1 drivers
E_0x55e5517c9450 .event edge, v0x55e5517bbc20_0, v0x55e5517ba840_0, v0x55e551772b80_0;
L_0x55e551800da0 .cmp/eq 4, v0x55e5517bbc20_0, L_0x7f7223d865b8;
L_0x55e551800e40 .concat [ 1 31 0 0], v0x55e5517e5310_0, L_0x7f7223d86600;
L_0x55e551800f30 .cmp/eq 32, L_0x55e551800e40, L_0x7f7223d86648;
L_0x55e551801180 .cmp/eq 4, v0x55e5517bbc20_0, L_0x7f7223d866d8;
L_0x55e551801270 .cmp/eq 32, v0x55e5517e4050_0, L_0x7f7223d86720;
L_0x55e551801420 .functor MUXZ 1, L_0x7f7223d867b0, L_0x7f7223d86768, L_0x55e551801310, C4<>;
L_0x55e5518015f0 .functor MUXZ 1, L_0x55e551801420, L_0x7f7223d86690, L_0x55e551801070, C4<>;
L_0x55e551801780 .cmp/eq 32, v0x55e5517e4050_0, L_0x7f7223d867f8;
L_0x55e5518018c0 .functor MUXZ 1, L_0x7f7223d86888, L_0x7f7223d86840, L_0x55e551801780, C4<>;
S_0x55e5517e56b0 .scope module, "DMEM0" "dMem" 2 116, 5 1 0, S_0x55e55173e020;
 .timescale -9 -12;
    .port_info 0 /INPUT 1 "clk";
    .port_info 1 /INPUT 1 "rst_";
    .port_info 2 /INPUT 1 "memRd";
    .port_info 3 /INPUT 1 "memWrt";
    .port_info 4 /INPUT 32 "addr";
    .port_info 5 /INPUT 32 "dataIn";
    .port_info 6 /OUTPUT 32 "dataOut";
P_0x55e55173f620 .param/l "addrWidth" 0 5 1, +C4<00000000000000000000000000100000>;
P_0x55e55173f660 .param/l "ramHeight" 0 5 1, +C4<00000000000000000000100000000000>;
P_0x55e55173f6a0 .param/l "ramWidth" 0 5 1, +C4<00000000000000000000000000100000>;
v0x55e5517e5d60_0 .net *"_ivl_0", 31 0, L_0x55e551801a50;  1 drivers
L_0x7f7223d868d0 .functor BUFT 1, C4<xxxxxxxxxxxxxxxxxxxxxxxxxxxxxxxx>, C4<0>, C4<0>, C4<0>;
v0x55e5517e5e60_0 .net *"_ivl_2", 31 0, L_0x7f7223d868d0;  1 drivers
v0x55e5517e5f40_0 .net "addr", 31 0, v0x55e5517e4050_0;  alias, 1 drivers
v0x55e5517e6040_0 .net "clk", 0 0, o0x7f7223dcf828;  alias, 0 drivers
v0x55e5517e60e0_0 .net "dataIn", 31 0, L_0x55e5517fef00;  alias, 1 drivers
v0x55e5517e6210_0 .net "dataOut", 31 0, L_0x55e551801af0;  alias, 1 drivers
v0x55e5517e62f0_0 .net "memRd", 0 0, v0x55e5517e9140_0;  alias, 1 drivers
v0x55e5517e63b0_0 .net "memWrt", 0 0, v0x55e5517e92a0_0;  alias, 1 drivers
v0x55e5517e6470 .array "memory", 0 2047, 31 0;
v0x55e5517e6530_0 .net "rst_", 0 0, o0x7f7223dcf918;  alias, 0 drivers
E_0x55e5517c9570/0 .event negedge, v0x55e5517e6530_0;
E_0x55e5517c9570/1 .event posedge, v0x55e5517e6040_0;
E_0x55e5517c9570 .event/or E_0x55e5517c9570/0, E_0x55e5517c9570/1;
L_0x55e551801a50 .array/port v0x55e5517e6470, v0x55e5517e4050_0;
L_0x55e551801af0 .functor MUXZ 32, L_0x7f7223d868d0, L_0x55e551801a50, v0x55e5517e9140_0, C4<>;
S_0x55e5517e5a60 .scope begin, "$ivl_for_loop0" "$ivl_for_loop0" 5 13, 5 13 0, S_0x55e5517e56b0;
 .timescale -9 -12;
v0x55e5517e5c60_0 .var/i "i", 31 0;
S_0x55e5517e6710 .scope module, "IG0" "immediateGen" 2 98, 6 3 0, S_0x55e55173e020;
 .timescale -9 -12;
    .port_info 0 /INPUT 32 "instruction";
    .port_info 1 /OUTPUT 32 "immediate";
P_0x55e5517e68a0 .param/l "iType" 1 6 6, C4<0010011>;
P_0x55e5517e68e0 .param/l "lType" 1 6 6, C4<0000011>;
P_0x55e5517e6920 .param/l "sType" 1 6 6, C4<0100011>;
P_0x55e5517e6960 .param/l "sbType" 1 6 7, C4<1100011>;
P_0x55e5517e69a0 .param/l "uType" 1 6 7, C4<0110111>;
P_0x55e5517e69e0 .param/l "ujType" 1 6 7, C4<1101111>;
v0x55e5517e6d70_0 .var "immediate", 31 0;
v0x55e5517e6e70_0 .net "instruction", 31 0, L_0x55e5517ffde0;  alias, 1 drivers
E_0x55e5517e6cf0 .event edge, v0x55e5517e6e70_0;
S_0x55e5517e6fb0 .scope module, "IMEM0" "iMem" 2 55, 7 1 0, S_0x55e55173e020;
 .timescale -9 -12;
    .port_info 0 /INPUT 32 "addr";
    .port_info 1 /OUTPUT 32 "instrn";
v0x55e5517e7520_0 .net *"_ivl_0", 7 0, L_0x55e5517ff2b0;  1 drivers
v0x55e5517e7620_0 .net *"_ivl_10", 7 0, L_0x55e5517ff610;  1 drivers
v0x55e5517e7700_0 .net *"_ivl_12", 32 0, L_0x55e5517ff6b0;  1 drivers
L_0x7f7223d863c0 .functor BUFT 1, C4<0>, C4<0>, C4<0>, C4<0>;
v0x55e5517e77c0_0 .net *"_ivl_15", 0 0, L_0x7f7223d863c0;  1 drivers
L_0x7f7223d86408 .functor BUFT 1, C4<000000000000000000000000000000010>, C4<0>, C4<0>, C4<0>;
v0x55e5517e78a0_0 .net/2u *"_ivl_16", 32 0, L_0x7f7223d86408;  1 drivers
v0x55e5517e79d0_0 .net *"_ivl_18", 32 0, L_0x55e5517ff7a0;  1 drivers
v0x55e5517e7ab0_0 .net *"_ivl_2", 32 0, L_0x55e5517ff350;  1 drivers
v0x55e5517e7b90_0 .net *"_ivl_20", 7 0, L_0x55e5517ff970;  1 drivers
v0x55e5517e7c70_0 .net *"_ivl_22", 32 0, L_0x55e5517ffa10;  1 drivers
L_0x7f7223d86450 .functor BUFT 1, C4<0>, C4<0>, C4<0>, C4<0>;
v0x55e5517e7d50_0 .net *"_ivl_25", 0 0, L_0x7f7223d86450;  1 drivers
L_0x7f7223d86498 .functor BUFT 1, C4<000000000000000000000000000000001>, C4<0>, C4<0>, C4<0>;
v0x55e5517e7e30_0 .net/2u *"_ivl_26", 32 0, L_0x7f7223d86498;  1 drivers
v0x55e5517e7f10_0 .net *"_ivl_28", 32 0, L_0x55e5517ffb50;  1 drivers
v0x55e5517e7ff0_0 .net *"_ivl_30", 7 0, L_0x55e5517ffce0;  1 drivers
L_0x7f7223d86330 .functor BUFT 1, C4<0>, C4<0>, C4<0>, C4<0>;
v0x55e5517e80d0_0 .net *"_ivl_5", 0 0, L_0x7f7223d86330;  1 drivers
L_0x7f7223d86378 .functor BUFT 1, C4<000000000000000000000000000000011>, C4<0>, C4<0>, C4<0>;
v0x55e5517e81b0_0 .net/2u *"_ivl_6", 32 0, L_0x7f7223d86378;  1 drivers
v0x55e5517e8290_0 .net *"_ivl_8", 32 0, L_0x55e5517ff480;  1 drivers
v0x55e5517e8370_0 .net "addr", 31 0, v0x55e5517ed430_0;  1 drivers
v0x55e5517e8560_0 .net "instrn", 31 0, L_0x55e5517ffde0;  alias, 1 drivers
v0x55e5517e8620 .array "memory", 0 127, 7 0;
L_0x55e5517ff2b0 .array/port v0x55e5517e8620, L_0x55e5517ff480;
L_0x55e5517ff350 .concat [ 32 1 0 0], v0x55e5517ed430_0, L_0x7f7223d86330;
L_0x55e5517ff480 .arith/sum 33, L_0x55e5517ff350, L_0x7f7223d86378;
L_0x55e5517ff610 .array/port v0x55e5517e8620, L_0x55e5517ff7a0;
L_0x55e5517ff6b0 .concat [ 32 1 0 0], v0x55e5517ed430_0, L_0x7f7223d863c0;
L_0x55e5517ff7a0 .arith/sum 33, L_0x55e5517ff6b0, L_0x7f7223d86408;
L_0x55e5517ff970 .array/port v0x55e5517e8620, L_0x55e5517ffb50;
L_0x55e5517ffa10 .concat [ 32 1 0 0], v0x55e5517ed430_0, L_0x7f7223d86450;
L_0x55e5517ffb50 .arith/sum 33, L_0x55e5517ffa10, L_0x7f7223d86498;
L_0x55e5517ffce0 .array/port v0x55e5517e8620, v0x55e5517ed430_0;
L_0x55e5517ffde0 .concat [ 8 8 8 8], L_0x55e5517ffce0, L_0x55e5517ff970, L_0x55e5517ff610, L_0x55e5517ff2b0;
S_0x55e5517e7220 .scope begin, "$ivl_for_loop1" "$ivl_for_loop1" 7 11, 7 11 0, S_0x55e5517e6fb0;
 .timescale -9 -12;
v0x55e5517e7420_0 .var/i "i", 31 0;
S_0x55e5517e8720 .scope module, "MC0" "controller" 2 61, 8 3 0, S_0x55e55173e020;
 .timescale -9 -12;
    .port_info 0 /INPUT 32 "instruction";
    .port_info 1 /OUTPUT 1 "aluSrc";
    .port_info 2 /OUTPUT 1 "branch";
    .port_info 3 /OUTPUT 1 "jump";
    .port_info 4 /OUTPUT 1 "memRd";
    .port_info 5 /OUTPUT 1 "memWrt";
    .port_info 6 /OUTPUT 1 "regWrt";
    .port_info 7 /OUTPUT 2 "aluOp";
    .port_info 8 /OUTPUT 2 "memToReg";
P_0x55e55173fc40 .param/l "iType" 1 8 14, C4<0010011>;
P_0x55e55173fc80 .param/l "lType" 1 8 14, C4<0000011>;
P_0x55e55173fcc0 .param/l "rType" 1 8 15, C4<0110011>;
P_0x55e55173fd00 .param/l "sType" 1 8 15, C4<0100011>;
P_0x55e55173fd40 .param/l "sbType" 1 8 16, C4<1100011>;
P_0x55e55173fd80 .param/l "uType" 1 8 16, C4<0110111>;
P_0x55e55173fdc0 .param/l "ujType" 1 8 17, C4<1101111>;
v0x55e5517e8cd0_0 .var "aluOp", 1 0;
v0x55e5517e8db0_0 .var "aluSrc", 0 0;
v0x55e5517e8e50_0 .var "branch", 0 0;
v0x55e5517e8f20_0 .net "instruction", 31 0, L_0x55e5517ffde0;  alias, 1 drivers
v0x55e5517e9030_0 .var "jump", 0 0;
v0x55e5517e9140_0 .var "memRd", 0 0;
v0x55e5517e91e0_0 .var "memToReg", 1 0;
v0x55e5517e92a0_0 .var "memWrt", 0 0;
v0x55e5517e9340_0 .var "regWrt", 0 0;
S_0x55e5517e9500 .scope module, "RF0" "registers" 2 86, 9 3 0, S_0x55e55173e020;
 .timescale -9 -12;
    .port_info 0 /INPUT 1 "clk";
    .port_info 1 /INPUT 1 "rst_";
    .port_info 2 /INPUT 1 "wrtEn";
    .port_info 3 /INPUT 5 "rdReg1";
    .port_info 4 /INPUT 5 "rdReg2";
    .port_info 5 /INPUT 5 "wrtReg";
    .port_info 6 /INPUT 32 "wrtData";
    .port_info 7 /OUTPUT 32 "rdData1";
    .port_info 8 /OUTPUT 32 "rdData2";
L_0x55e5517ff0b0 .functor BUFZ 32, L_0x55e5518005a0, C4<00000000000000000000000000000000>, C4<00000000000000000000000000000000>, C4<00000000000000000000000000000000>;
L_0x55e5517fef00 .functor BUFZ 32, L_0x55e551800ab0, C4<00000000000000000000000000000000>, C4<00000000000000000000000000000000>, C4<00000000000000000000000000000000>;
v0x55e5517e9b40_0 .net *"_ivl_0", 31 0, L_0x55e5518005a0;  1 drivers
L_0x7f7223d869a8 .functor BUFT 1, C4<00zzzzz>, C4<0>, C4<0>, C4<0>;
v0x55e5517e9c40_0 .net *"_ivl_10", 6 0, L_0x7f7223d869a8;  1 drivers
L_0x7f7223d86960 .functor BUFT 1, C4<00zzzzz>, C4<0>, C4<0>, C4<0>;
v0x55e5517e9d20_0 .net *"_ivl_2", 6 0, L_0x7f7223d86960;  1 drivers
v0x55e5517e9e10_0 .net *"_ivl_8", 31 0, L_0x55e551800ab0;  1 drivers
v0x55e5517e9ef0_0 .net "clk", 0 0, o0x7f7223dcf828;  alias, 0 drivers
v0x55e5517e9fe0_0 .net "rdData1", 31 0, L_0x55e5517ff0b0;  alias, 1 drivers
v0x55e5517ea0a0_0 .net "rdData2", 31 0, L_0x55e5517fef00;  alias, 1 drivers
v0x55e5517ea190_0 .net "rdReg1", 4 0, o0x7f7223dd02d8;  alias, 0 drivers
v0x55e5517ea250_0 .net "rdReg2", 4 0, o0x7f7223dd0308;  alias, 0 drivers
v0x55e5517ea330 .array "regFile", 0 31, 31 0;
o0x7f7223dd0338 .functor BUFZ 1, C4<z>; HiZ drive
v0x55e5517ea3f0_0 .net "rst_", 0 0, o0x7f7223dd0338;  0 drivers
v0x55e5517ea4b0_0 .net "wrtData", 31 0, L_0x55e5518007d0;  alias, 1 drivers
v0x55e5517ea590_0 .net "wrtEn", 0 0, v0x55e5517e9340_0;  alias, 1 drivers
v0x55e5517ea660_0 .net "wrtReg", 4 0, o0x7f7223dd0398;  alias, 0 drivers
E_0x55e5517e97c0 .event posedge, v0x55e5517e6040_0;
L_0x55e5518005a0 .array/port v0x55e5517ea330, L_0x7f7223d86960;
L_0x55e551800ab0 .array/port v0x55e5517ea330, L_0x7f7223d869a8;
S_0x55e5517e9840 .scope begin, "$ivl_for_loop2" "$ivl_for_loop2" 9 16, 9 16 0, S_0x55e5517e9500;
 .timescale -9 -12;
v0x55e5517e9a40_0 .var/i "i", 31 0;
    .scope S_0x55e5517e6fb0;
T_0 ;
    %fork t_1, S_0x55e5517e7220;
    %jmp t_0;
    .scope S_0x55e5517e7220;
t_1 ;
    %pushi/vec4 0, 0, 32;
    %store/vec4 v0x55e5517e7420_0, 0, 32;
T_0.0 ;
    %load/vec4 v0x55e5517e7420_0;
    %cmpi/s 128, 0, 32;
    %jmp/0xz T_0.1, 5;
    %pushi/vec4 0, 0, 8;
    %ix/getv/s 4, v0x55e5517e7420_0;
    %store/vec4a v0x55e5517e8620, 4, 0;
    %load/vec4 v0x55e5517e7420_0;
    %addi 1, 0, 32;
    %store/vec4 v0x55e5517e7420_0, 0, 32;
    %jmp T_0.0;
T_0.1 ;
    %end;
    .scope S_0x55e5517e6fb0;
t_0 %join;
    %pushi/vec4 147, 0, 8;
    %ix/load 4, 0, 0;
    %flag_set/imm 4, 0;
    %store/vec4a v0x55e5517e8620, 4, 0;
    %pushi/vec4 19, 0, 8;
    %ix/load 4, 1, 0;
    %flag_set/imm 4, 0;
    %store/vec4a v0x55e5517e8620, 4, 0;
    %pushi/vec4 147, 0, 8;
    %ix/load 4, 2, 0;
    %flag_set/imm 4, 0;
    %store/vec4a v0x55e5517e8620, 4, 0;
    %end;
    .thread T_0;
    .scope S_0x55e5517e8720;
T_1 ;
    %wait E_0x55e5517e6cf0;
    %load/vec4 v0x55e5517e8f20_0;
    %parti/s 7, 0, 2;
    %dup/vec4;
    %pushi/vec4 19, 0, 7;
    %cmp/u;
    %jmp/1 T_1.0, 6;
    %dup/vec4;
    %pushi/vec4 3, 0, 7;
    %cmp/u;
    %jmp/1 T_1.1, 6;
    %dup/vec4;
    %pushi/vec4 51, 0, 7;
    %cmp/u;
    %jmp/1 T_1.2, 6;
    %dup/vec4;
    %pushi/vec4 35, 0, 7;
    %cmp/u;
    %jmp/1 T_1.3, 6;
    %dup/vec4;
    %pushi/vec4 99, 0, 7;
    %cmp/u;
    %jmp/1 T_1.4, 6;
    %dup/vec4;
    %pushi/vec4 55, 0, 7;
    %cmp/u;
    %jmp/1 T_1.5, 6;
    %dup/vec4;
    %pushi/vec4 111, 0, 7;
    %cmp/u;
    %jmp/1 T_1.6, 6;
    %jmp T_1.7;
T_1.0 ;
    %pushi/vec4 1, 0, 1;
    %store/vec4 v0x55e5517e8db0_0, 0, 1;
    %pushi/vec4 0, 0, 1;
    %store/vec4 v0x55e5517e8e50_0, 0, 1;
    %pushi/vec4 0, 0, 1;
    %store/vec4 v0x55e5517e9030_0, 0, 1;
    %pushi/vec4 0, 0, 1;
    %store/vec4 v0x55e5517e9140_0, 0, 1;
    %pushi/vec4 0, 0, 1;
    %store/vec4 v0x55e5517e92a0_0, 0, 1;
    %pushi/vec4 1, 0, 1;
    %store/vec4 v0x55e5517e9340_0, 0, 1;
    %pushi/vec4 1, 0, 2;
    %store/vec4 v0x55e5517e8cd0_0, 0, 2;
    %pushi/vec4 0, 0, 2;
    %store/vec4 v0x55e5517e91e0_0, 0, 2;
    %jmp T_1.7;
T_1.1 ;
    %pushi/vec4 1, 0, 1;
    %store/vec4 v0x55e5517e8db0_0, 0, 1;
    %pushi/vec4 0, 0, 1;
    %store/vec4 v0x55e5517e8e50_0, 0, 1;
    %pushi/vec4 0, 0, 1;
    %store/vec4 v0x55e5517e9030_0, 0, 1;
    %pushi/vec4 1, 0, 1;
    %store/vec4 v0x55e5517e9140_0, 0, 1;
    %pushi/vec4 0, 0, 1;
    %store/vec4 v0x55e5517e92a0_0, 0, 1;
    %pushi/vec4 1, 0, 1;
    %store/vec4 v0x55e5517e9340_0, 0, 1;
    %pushi/vec4 0, 0, 2;
    %store/vec4 v0x55e5517e8cd0_0, 0, 2;
    %pushi/vec4 1, 0, 2;
    %store/vec4 v0x55e5517e91e0_0, 0, 2;
    %jmp T_1.7;
T_1.2 ;
    %pushi/vec4 0, 0, 1;
    %store/vec4 v0x55e5517e8db0_0, 0, 1;
    %pushi/vec4 0, 0, 1;
    %store/vec4 v0x55e5517e8e50_0, 0, 1;
    %pushi/vec4 0, 0, 1;
    %store/vec4 v0x55e5517e9030_0, 0, 1;
    %pushi/vec4 0, 0, 1;
    %store/vec4 v0x55e5517e9140_0, 0, 1;
    %pushi/vec4 0, 0, 1;
    %store/vec4 v0x55e5517e92a0_0, 0, 1;
    %pushi/vec4 1, 0, 1;
    %store/vec4 v0x55e5517e9340_0, 0, 1;
    %pushi/vec4 1, 0, 2;
    %store/vec4 v0x55e5517e8cd0_0, 0, 2;
    %pushi/vec4 0, 0, 2;
    %store/vec4 v0x55e5517e91e0_0, 0, 2;
    %jmp T_1.7;
T_1.3 ;
    %pushi/vec4 1, 0, 1;
    %store/vec4 v0x55e5517e8db0_0, 0, 1;
    %pushi/vec4 0, 0, 1;
    %store/vec4 v0x55e5517e8e50_0, 0, 1;
    %pushi/vec4 0, 0, 1;
    %store/vec4 v0x55e5517e9030_0, 0, 1;
    %pushi/vec4 0, 0, 1;
    %store/vec4 v0x55e5517e9140_0, 0, 1;
    %pushi/vec4 1, 0, 1;
    %store/vec4 v0x55e5517e92a0_0, 0, 1;
    %pushi/vec4 0, 0, 1;
    %store/vec4 v0x55e5517e9340_0, 0, 1;
    %pushi/vec4 0, 0, 2;
    %store/vec4 v0x55e5517e8cd0_0, 0, 2;
    %pushi/vec4 3, 3, 2;
    %store/vec4 v0x55e5517e91e0_0, 0, 2;
    %jmp T_1.7;
T_1.4 ;
    %pushi/vec4 0, 0, 1;
    %store/vec4 v0x55e5517e8db0_0, 0, 1;
    %pushi/vec4 1, 0, 1;
    %store/vec4 v0x55e5517e8e50_0, 0, 1;
    %pushi/vec4 0, 0, 1;
    %store/vec4 v0x55e5517e9030_0, 0, 1;
    %pushi/vec4 0, 0, 1;
    %store/vec4 v0x55e5517e9140_0, 0, 1;
    %pushi/vec4 0, 0, 1;
    %store/vec4 v0x55e5517e92a0_0, 0, 1;
    %pushi/vec4 0, 0, 1;
    %store/vec4 v0x55e5517e9340_0, 0, 1;
    %pushi/vec4 2, 0, 2;
    %store/vec4 v0x55e5517e8cd0_0, 0, 2;
    %pushi/vec4 3, 3, 2;
    %store/vec4 v0x55e5517e91e0_0, 0, 2;
    %jmp T_1.7;
T_1.5 ;
    %pushi/vec4 1, 0, 1;
    %store/vec4 v0x55e5517e8db0_0, 0, 1;
    %pushi/vec4 0, 0, 1;
    %store/vec4 v0x55e5517e8e50_0, 0, 1;
    %pushi/vec4 0, 0, 1;
    %store/vec4 v0x55e5517e9030_0, 0, 1;
    %pushi/vec4 0, 0, 1;
    %store/vec4 v0x55e5517e9140_0, 0, 1;
    %pushi/vec4 0, 0, 1;
    %store/vec4 v0x55e5517e92a0_0, 0, 1;
    %pushi/vec4 1, 0, 1;
    %store/vec4 v0x55e5517e9340_0, 0, 1;
    %pushi/vec4 3, 0, 2;
    %store/vec4 v0x55e5517e8cd0_0, 0, 2;
    %pushi/vec4 0, 0, 2;
    %store/vec4 v0x55e5517e91e0_0, 0, 2;
    %jmp T_1.7;
T_1.6 ;
    %pushi/vec4 1, 0, 1;
    %store/vec4 v0x55e5517e8db0_0, 0, 1;
    %pushi/vec4 0, 0, 1;
    %store/vec4 v0x55e5517e8e50_0, 0, 1;
    %pushi/vec4 1, 0, 1;
    %store/vec4 v0x55e5517e9030_0, 0, 1;
    %pushi/vec4 0, 0, 1;
    %store/vec4 v0x55e5517e9140_0, 0, 1;
    %pushi/vec4 0, 0, 1;
    %store/vec4 v0x55e5517e92a0_0, 0, 1;
    %pushi/vec4 1, 0, 1;
    %store/vec4 v0x55e5517e9340_0, 0, 1;
    %pushi/vec4 3, 3, 2;
    %store/vec4 v0x55e5517e8cd0_0, 0, 2;
    %pushi/vec4 2, 0, 2;
    %store/vec4 v0x55e5517e91e0_0, 0, 2;
    %jmp T_1.7;
T_1.7 ;
    %pop/vec4 1;
    %jmp T_1;
    .thread T_1, $push;
    .scope S_0x55e551766fc0;
T_2 ;
    %wait E_0x55e551761b30;
    %load/vec4 v0x55e5517c9ed0_0;
    %dup/vec4;
    %pushi/vec4 0, 0, 2;
    %cmp/u;
    %jmp/1 T_2.0, 6;
    %dup/vec4;
    %pushi/vec4 1, 0, 2;
    %cmp/u;
    %jmp/1 T_2.1, 6;
    %dup/vec4;
    %pushi/vec4 2, 0, 2;
    %cmp/u;
    %jmp/1 T_2.2, 6;
    %dup/vec4;
    %pushi/vec4 3, 0, 2;
    %cmp/u;
    %jmp/1 T_2.3, 6;
    %jmp T_2.4;
T_2.0 ;
    %pushi/vec4 0, 0, 4;
    %store/vec4 v0x55e5517bbc20_0, 0, 4;
    %jmp T_2.4;
T_2.1 ;
    %load/vec4 v0x55e5517b57e0_0;
    %flag_set/vec4 8;
    %jmp/0xz  T_2.5, 8;
    %load/vec4 v0x55e5517c9f70_0;
    %cmpi/e 5, 0, 3;
    %flag_mov 8, 4;
    %jmp/0 T_2.7, 8;
    %pushi/vec4 5, 0, 4;
    %jmp/1 T_2.8, 8;
T_2.7 ; End of true expr.
    %pushi/vec4 1, 0, 4;
    %jmp/0 T_2.8, 8;
 ; End of false expr.
    %blend;
T_2.8;
    %store/vec4 v0x55e5517bbc20_0, 0, 4;
    %jmp T_2.6;
T_2.5 ;
    %load/vec4 v0x55e5517c9f70_0;
    %dup/vec4;
    %pushi/vec4 0, 0, 3;
    %cmp/u;
    %jmp/1 T_2.9, 6;
    %dup/vec4;
    %pushi/vec4 1, 0, 3;
    %cmp/u;
    %jmp/1 T_2.10, 6;
    %dup/vec4;
    %pushi/vec4 2, 0, 3;
    %cmp/u;
    %jmp/1 T_2.11, 6;
    %dup/vec4;
    %pushi/vec4 4, 0, 3;
    %cmp/u;
    %jmp/1 T_2.12, 6;
    %dup/vec4;
    %pushi/vec4 5, 0, 3;
    %cmp/u;
    %jmp/1 T_2.13, 6;
    %dup/vec4;
    %pushi/vec4 6, 0, 3;
    %cmp/u;
    %jmp/1 T_2.14, 6;
    %dup/vec4;
    %pushi/vec4 7, 0, 3;
    %cmp/u;
    %jmp/1 T_2.15, 6;
    %pushi/vec4 0, 0, 4;
    %store/vec4 v0x55e5517bbc20_0, 0, 4;
    %jmp T_2.17;
T_2.9 ;
    %pushi/vec4 0, 0, 4;
    %store/vec4 v0x55e5517bbc20_0, 0, 4;
    %jmp T_2.17;
T_2.10 ;
    %pushi/vec4 2, 0, 4;
    %store/vec4 v0x55e5517bbc20_0, 0, 4;
    %jmp T_2.17;
T_2.11 ;
    %pushi/vec4 8, 0, 4;
    %store/vec4 v0x55e5517bbc20_0, 0, 4;
    %jmp T_2.17;
T_2.12 ;
    %pushi/vec4 3, 0, 4;
    %store/vec4 v0x55e5517bbc20_0, 0, 4;
    %jmp T_2.17;
T_2.13 ;
    %pushi/vec4 4, 0, 4;
    %store/vec4 v0x55e5517bbc20_0, 0, 4;
    %jmp T_2.17;
T_2.14 ;
    %pushi/vec4 6, 0, 4;
    %store/vec4 v0x55e5517bbc20_0, 0, 4;
    %jmp T_2.17;
T_2.15 ;
    %pushi/vec4 7, 0, 4;
    %store/vec4 v0x55e5517bbc20_0, 0, 4;
    %jmp T_2.17;
T_2.17 ;
    %pop/vec4 1;
T_2.6 ;
    %jmp T_2.4;
T_2.2 ;
    %load/vec4 v0x55e5517c9f70_0;
    %pad/u 32;
    %cmpi/e 0, 0, 32;
    %jmp/0xz  T_2.18, 4;
    %pushi/vec4 10, 0, 4;
    %store/vec4 v0x55e5517bbc20_0, 0, 4;
    %jmp T_2.19;
T_2.18 ;
    %pushi/vec4 9, 0, 4;
    %store/vec4 v0x55e5517bbc20_0, 0, 4;
T_2.19 ;
    %jmp T_2.4;
T_2.3 ;
    %pushi/vec4 11, 0, 4;
    %store/vec4 v0x55e5517bbc20_0, 0, 4;
    %jmp T_2.4;
T_2.4 ;
    %pop/vec4 1;
    %jmp T_2;
    .thread T_2, $push;
    .scope S_0x55e5517e9500;
T_3 ;
    %wait E_0x55e5517e97c0;
    %load/vec4 v0x55e5517ea3f0_0;
    %nor/r;
    %flag_set/vec4 8;
    %jmp/0xz  T_3.0, 8;
    %fork t_3, S_0x55e5517e9840;
    %jmp t_2;
    .scope S_0x55e5517e9840;
t_3 ;
    %pushi/vec4 0, 0, 32;
    %store/vec4 v0x55e5517e9a40_0, 0, 32;
T_3.2 ;
    %load/vec4 v0x55e5517e9a40_0;
    %cmpi/s 32, 0, 32;
    %jmp/0xz T_3.3, 5;
    %pushi/vec4 0, 0, 32;
    %ix/getv/s 3, v0x55e5517e9a40_0;
    %ix/load 4, 0, 0; Constant delay
    %assign/vec4/a/d v0x55e5517ea330, 0, 4;
    %load/vec4 v0x55e5517e9a40_0;
    %addi 1, 0, 32;
    %store/vec4 v0x55e5517e9a40_0, 0, 32;
    %jmp T_3.2;
T_3.3 ;
    %end;
    .scope S_0x55e5517e9500;
t_2 %join;
    %jmp T_3.1;
T_3.0 ;
    %load/vec4 v0x55e5517ea590_0;
    %flag_set/vec4 8;
    %jmp/0xz  T_3.4, 8;
    %load/vec4 v0x55e5517ea4b0_0;
    %load/vec4 v0x55e5517ea660_0;
    %pad/u 7;
    %ix/vec4 4;
    %store/vec4a v0x55e5517ea330, 4, 0;
T_3.4 ;
T_3.1 ;
    %jmp T_3;
    .thread T_3;
    .scope S_0x55e5517e6710;
T_4 ;
    %wait E_0x55e5517e6cf0;
    %load/vec4 v0x55e5517e6e70_0;
    %parti/s 7, 0, 2;
    %dup/vec4;
    %pushi/vec4 19, 0, 7;
    %cmp/u;
    %jmp/1 T_4.0, 6;
    %dup/vec4;
    %pushi/vec4 35, 0, 7;
    %cmp/u;
    %jmp/1 T_4.1, 6;
    %dup/vec4;
    %pushi/vec4 99, 0, 7;
    %cmp/u;
    %jmp/1 T_4.2, 6;
    %dup/vec4;
    %pushi/vec4 55, 0, 7;
    %cmp/u;
    %jmp/1 T_4.3, 6;
    %dup/vec4;
    %pushi/vec4 111, 0, 7;
    %cmp/u;
    %jmp/1 T_4.4, 6;
    %pushi/vec4 0, 0, 32;
    %store/vec4 v0x55e5517e6d70_0, 0, 32;
    %jmp T_4.6;
T_4.0 ;
    %load/vec4 v0x55e5517e6e70_0;
    %parti/s 1, 31, 6;
    %replicate 20;
    %load/vec4 v0x55e5517e6e70_0;
    %parti/s 12, 20, 6;
    %concat/vec4; draw_concat_vec4
    %store/vec4 v0x55e5517e6d70_0, 0, 32;
    %jmp T_4.6;
T_4.1 ;
    %load/vec4 v0x55e5517e6e70_0;
    %parti/s 1, 31, 6;
    %replicate 20;
    %load/vec4 v0x55e5517e6e70_0;
    %parti/s 7, 25, 6;
    %concat/vec4; draw_concat_vec4
    %load/vec4 v0x55e5517e6e70_0;
    %parti/s 5, 7, 4;
    %concat/vec4; draw_concat_vec4
    %store/vec4 v0x55e5517e6d70_0, 0, 32;
    %jmp T_4.6;
T_4.2 ;
    %load/vec4 v0x55e5517e6e70_0;
    %parti/s 1, 31, 6;
    %replicate 20;
    %load/vec4 v0x55e5517e6e70_0;
    %parti/s 1, 7, 4;
    %concat/vec4; draw_concat_vec4
    %load/vec4 v0x55e5517e6e70_0;
    %parti/s 6, 25, 6;
    %concat/vec4; draw_concat_vec4
    %load/vec4 v0x55e5517e6e70_0;
    %parti/s 4, 8, 5;
    %concat/vec4; draw_concat_vec4
    %concati/vec4 0, 0, 1;
    %store/vec4 v0x55e5517e6d70_0, 0, 32;
    %jmp T_4.6;
T_4.3 ;
    %load/vec4 v0x55e5517e6e70_0;
    %parti/s 20, 12, 5;
    %concati/vec4 0, 0, 12;
    %store/vec4 v0x55e5517e6d70_0, 0, 32;
    %jmp T_4.6;
T_4.4 ;
    %load/vec4 v0x55e5517e6e70_0;
    %parti/s 1, 31, 6;
    %replicate 12;
    %load/vec4 v0x55e5517e6e70_0;
    %parti/s 8, 12, 5;
    %concat/vec4; draw_concat_vec4
    %load/vec4 v0x55e5517e6e70_0;
    %parti/s 1, 20, 6;
    %concat/vec4; draw_concat_vec4
    %load/vec4 v0x55e5517e6e70_0;
    %parti/s 10, 21, 6;
    %concat/vec4; draw_concat_vec4
    %concati/vec4 0, 0, 1;
    %store/vec4 v0x55e5517e6d70_0, 0, 32;
    %jmp T_4.6;
T_4.6 ;
    %pop/vec4 1;
    %jmp T_4;
    .thread T_4, $push;
    .scope S_0x55e5517bace0;
T_5 ;
    %wait E_0x55e5517c9450;
    %load/vec4 v0x55e5517e5490_0;
    %dup/vec4;
    %pushi/vec4 0, 0, 4;
    %cmp/u;
    %jmp/1 T_5.0, 6;
    %dup/vec4;
    %pushi/vec4 1, 0, 4;
    %cmp/u;
    %jmp/1 T_5.1, 6;
    %dup/vec4;
    %pushi/vec4 2, 0, 4;
    %cmp/u;
    %jmp/1 T_5.2, 6;
    %dup/vec4;
    %pushi/vec4 3, 0, 4;
    %cmp/u;
    %jmp/1 T_5.3, 6;
    %dup/vec4;
    %pushi/vec4 4, 0, 4;
    %cmp/u;
    %jmp/1 T_5.4, 6;
    %dup/vec4;
    %pushi/vec4 5, 0, 4;
    %cmp/u;
    %jmp/1 T_5.5, 6;
    %dup/vec4;
    %pushi/vec4 6, 0, 4;
    %cmp/u;
    %jmp/1 T_5.6, 6;
    %dup/vec4;
    %pushi/vec4 7, 0, 4;
    %cmp/u;
    %jmp/1 T_5.7, 6;
    %dup/vec4;
    %pushi/vec4 8, 0, 4;
    %cmp/u;
    %jmp/1 T_5.8, 6;
    %dup/vec4;
    %pushi/vec4 9, 0, 4;
    %cmp/u;
    %jmp/1 T_5.9, 6;
    %dup/vec4;
    %pushi/vec4 10, 0, 4;
    %cmp/u;
    %jmp/1 T_5.10, 6;
    %dup/vec4;
    %pushi/vec4 11, 0, 4;
    %cmp/u;
    %jmp/1 T_5.11, 6;
    %pushi/vec4 0, 0, 32;
    %store/vec4 v0x55e5517e4050_0, 0, 32;
    %jmp T_5.13;
T_5.0 ;
    %load/vec4 v0x55e5517ba840_0;
    %pad/u 33;
    %load/vec4 v0x55e551772b80_0;
    %pad/u 33;
    %add;
    %split/vec4 32;
    %store/vec4 v0x55e5517e4050_0, 0, 32;
    %store/vec4 v0x55e5517e5310_0, 0, 1;
    %jmp T_5.13;
T_5.1 ;
    %load/vec4 v0x55e5517ba840_0;
    %load/vec4 v0x55e551772b80_0;
    %sub;
    %store/vec4 v0x55e5517e4050_0, 0, 32;
    %jmp T_5.13;
T_5.2 ;
    %load/vec4 v0x55e5517ba840_0;
    %ix/getv 4, v0x55e551772b80_0;
    %shiftl 4;
    %store/vec4 v0x55e5517e4050_0, 0, 32;
    %jmp T_5.13;
T_5.3 ;
    %load/vec4 v0x55e5517ba840_0;
    %load/vec4 v0x55e551772b80_0;
    %xor;
    %store/vec4 v0x55e5517e4050_0, 0, 32;
    %jmp T_5.13;
T_5.4 ;
    %load/vec4 v0x55e5517ba840_0;
    %ix/getv 4, v0x55e551772b80_0;
    %shiftr 4;
    %store/vec4 v0x55e5517e4050_0, 0, 32;
    %jmp T_5.13;
T_5.5 ;
    %load/vec4 v0x55e5517ba840_0;
    %parti/s 1, 31, 6;
    %concati/vec4 0, 0, 31;
    %load/vec4 v0x55e5517ba840_0;
    %ix/getv 4, v0x55e551772b80_0;
    %shiftr 4;
    %or;
    %store/vec4 v0x55e5517e4050_0, 0, 32;
    %jmp T_5.13;
T_5.6 ;
    %load/vec4 v0x55e5517ba840_0;
    %load/vec4 v0x55e551772b80_0;
    %or;
    %store/vec4 v0x55e5517e4050_0, 0, 32;
    %jmp T_5.13;
T_5.7 ;
    %load/vec4 v0x55e5517ba840_0;
    %load/vec4 v0x55e551772b80_0;
    %and;
    %store/vec4 v0x55e5517e4050_0, 0, 32;
    %jmp T_5.13;
T_5.8 ;
    %load/vec4 v0x55e5517ba840_0;
    %load/vec4 v0x55e551772b80_0;
    %cmp/u;
    %flag_mov 8, 5;
    %jmp/0 T_5.14, 8;
    %pushi/vec4 1, 0, 32;
    %jmp/1 T_5.15, 8;
T_5.14 ; End of true expr.
    %pushi/vec4 0, 0, 32;
    %jmp/0 T_5.15, 8;
 ; End of false expr.
    %blend;
T_5.15;
    %store/vec4 v0x55e5517e4050_0, 0, 32;
    %jmp T_5.13;
T_5.9 ;
    %load/vec4 v0x55e5517ba840_0;
    %load/vec4 v0x55e551772b80_0;
    %cmp/ne;
    %flag_mov 8, 4;
    %jmp/0 T_5.16, 8;
    %pushi/vec4 0, 0, 32;
    %jmp/1 T_5.17, 8;
T_5.16 ; End of true expr.
    %pushi/vec4 1, 0, 32;
    %jmp/0 T_5.17, 8;
 ; End of false expr.
    %blend;
T_5.17;
    %store/vec4 v0x55e5517e4050_0, 0, 32;
    %jmp T_5.13;
T_5.10 ;
    %load/vec4 v0x55e5517ba840_0;
    %load/vec4 v0x55e551772b80_0;
    %cmp/e;
    %flag_mov 8, 4;
    %jmp/0 T_5.18, 8;
    %pushi/vec4 1, 0, 32;
    %jmp/1 T_5.19, 8;
T_5.18 ; End of true expr.
    %pushi/vec4 0, 0, 32;
    %jmp/0 T_5.19, 8;
 ; End of false expr.
    %blend;
T_5.19;
    %store/vec4 v0x55e5517e4050_0, 0, 32;
    %jmp T_5.13;
T_5.11 ;
    %load/vec4 v0x55e551772b80_0;
    %concati/vec4 0, 0, 12;
    %pad/u 32;
    %store/vec4 v0x55e5517e4050_0, 0, 32;
    %jmp T_5.13;
T_5.13 ;
    %pop/vec4 1;
    %jmp T_5;
    .thread T_5, $push;
    .scope S_0x55e5517e56b0;
T_6 ;
    %wait E_0x55e5517c9570;
    %load/vec4 v0x55e5517e6530_0;
    %flag_set/vec4 8;
    %jmp/0xz  T_6.0, 8;
    %fork t_5, S_0x55e5517e5a60;
    %jmp t_4;
    .scope S_0x55e5517e5a60;
t_5 ;
    %pushi/vec4 0, 0, 32;
    %store/vec4 v0x55e5517e5c60_0, 0, 32;
T_6.2 ;
    %load/vec4 v0x55e5517e5c60_0;
    %cmpi/s 2048, 0, 32;
    %jmp/0xz T_6.3, 5;
    %pushi/vec4 0, 0, 32;
    %ix/getv/s 4, v0x55e5517e5c60_0;
    %store/vec4a v0x55e5517e6470, 4, 0;
    ; show_stmt_assign_vector: Get l-value for compressed += operand
    %load/vec4 v0x55e5517e5c60_0;
    %pushi/vec4 1, 0, 32;
    %add;
    %store/vec4 v0x55e5517e5c60_0, 0, 32;
    %jmp T_6.2;
T_6.3 ;
    %end;
    .scope S_0x55e5517e56b0;
t_4 %join;
    %jmp T_6.1;
T_6.0 ;
    %load/vec4 v0x55e5517e63b0_0;
    %flag_set/vec4 8;
    %jmp/0xz  T_6.4, 8;
    %load/vec4 v0x55e5517e60e0_0;
    %ix/getv 4, v0x55e5517e5f40_0;
    %store/vec4a v0x55e5517e6470, 4, 0;
T_6.4 ;
T_6.1 ;
    %jmp T_6;
    .thread T_6;
    .scope S_0x55e55173e020;
T_7 ;
    %wait E_0x55e5517c9570;
    %load/vec4 v0x55e5517ed9f0_0;
    %flag_set/vec4 8;
    %jmp/0 T_7.0, 8;
    %pushi/vec4 0, 0, 32;
    %jmp/1 T_7.1, 8;
T_7.0 ; End of true expr.
    %load/vec4 v0x55e5517ed4d0_0;
    %jmp/0 T_7.1, 8;
 ; End of false expr.
    %blend;
T_7.1;
    %assign/vec4 v0x55e5517ed430_0, 0;
    %jmp T_7;
    .thread T_7;
# The file index is used to find the file name in the following table.
:file_names 10;
    "N/A";
    "<interactive>";
    "./rtl/runningCore.v";
    "./rtl/aluController.v";
    "./rtl/ALU.v";
    "./rtl/dataMemory.v";
    "./rtl/immediateGenerator.v";
    "./rtl/instrnMemory.v";
    "./rtl/controlUnit.v";
    "./rtl/registers.v";
